<?xml version="1.0" encoding="UTF-8"?>
<testsuite name="com.phonebook.tests.CreateAccountTests" tests="1" skipped="0" failures="0" errors="0" timestamp="2024-04-18T04:22:59" hostname="DESKTOP-JD6LHO3" time="1.043">
  <properties/>
  <testcase name="CreateNewAccountWithExistedEmailNegativeTest" classname="com.phonebook.tests.CreateAccountTests" time="1.043"/>
  <system-out><![CDATA[]]></system-out>
  <system-err><![CDATA[]]></system-err>
</testsuite>
