<?xml version="1.0" encoding="UTF-8"?>
<testsuite name="com.phonebook.tests.DeleteContactTests" tests="1" skipped="0" failures="0" errors="0" timestamp="2024-04-18T04:23:02" hostname="DESKTOP-JD6LHO3" time="1.525">
  <properties/>
  <testcase name="deleteContactPositive" classname="com.phonebook.tests.DeleteContactTests" time="1.525"/>
  <system-out><![CDATA[]]></system-out>
  <system-err><![CDATA[]]></system-err>
</testsuite>
