<?xml version="1.0" encoding="UTF-8"?>
<testsuite name="com.phonebook.tests.HomePageTests" tests="1" skipped="0" failures="0" errors="0" timestamp="2024-04-18T04:23:13" hostname="DESKTOP-JD6LHO3" time="0.01">
  <properties/>
  <testcase name="isHomeComponentPresentTest" classname="com.phonebook.tests.HomePageTests" time="0.01"/>
  <system-out><![CDATA[]]></system-out>
  <system-err><![CDATA[]]></system-err>
</testsuite>
